<?xml version="1.0" encoding="UTF-8" ?>
<testsuite failures="0" time="3.814" errors="1" skipped="0" tests="1" name="cn.loosoft.stuwork.workstudy.unit.dao.HibernateMappingTest">
  <properties>
    <property name="java.runtime.name" value="Java(TM) SE Runtime Environment"/>
    <property name="sun.boot.library.path" value="C:\Java\jdk1.6.0_21\jre\bin"/>
    <property name="java.vm.version" value="17.0-b17"/>
    <property name="java.vm.vendor" value="Sun Microsystems Inc."/>
    <property name="java.vendor.url" value="http://java.sun.com/"/>
    <property name="path.separator" value=";"/>
    <property name="java.vm.name" value="Java HotSpot(TM) Client VM"/>
    <property name="file.encoding.pkg" value="sun.io"/>
    <property name="user.country" value="CN"/>
    <property name="sun.java.launcher" value="SUN_STANDARD"/>
    <property name="sun.os.patch.level" value=""/>
    <property name="java.vm.specification.name" value="Java Virtual Machine Specification"/>
    <property name="user.dir" value="D:\work\project\loosoft\stuwork\trunk\stuwork-workstudy"/>
    <property name="java.runtime.version" value="1.6.0_21-b07"/>
    <property name="java.awt.graphicsenv" value="sun.awt.Win32GraphicsEnvironment"/>
    <property name="basedir" value="D:\work\project\loosoft\stuwork\trunk\stuwork-workstudy"/>
    <property name="java.endorsed.dirs" value="C:\Java\jdk1.6.0_21\jre\lib\endorsed"/>
    <property name="os.arch" value="x86"/>
    <property name="java.io.tmpdir" value="C:\Users\ADMINI~1\AppData\Local\Temp\"/>
    <property name="line.separator" value="
"/>
    <property name="java.vm.specification.vendor" value="Sun Microsystems Inc."/>
    <property name="user.variant" value=""/>
    <property name="os.name" value="Windows 7"/>
    <property name="sun.jnu.encoding" value="GBK"/>
    <property name="java.library.path" value="C:\Java\jdk1.6.0_21\jre\bin;.;C:\windows\Sun\Java\bin;C:\windows\system32;C:\windows;C:\windows\system32;C:\windows;C:\windows\System32\Wbem;C:\windows\System32\WindowsPowerShell\v1.0\;C:\Program Files\Common Files\Thunder Network\KanKan\Codecs;c:\Program Files\Microsoft SQL Server\90\Tools\binn\;C:\Program Files\TortoiseSVN\bin;C:\Program Files\ATI Technologies\ATI.ACE\Core-Static;C:\Program Files\StormII\Codec;C:\Program Files\StormII;D:\work\devtool\pm\apache-maven-2.2.1\bin"/>
    <property name="surefire.test.class.path" value="D:\work\project\loosoft\stuwork\trunk\stuwork-workstudy\target\test-classes;D:\work\project\loosoft\stuwork\trunk\stuwork-workstudy\target\classes;C:\Users\Administrator\.m2\repository\org\apache\cxf\cxf-rt-frontend-jaxws\2.2.3\cxf-rt-frontend-jaxws-2.2.3.jar;C:\Users\Administrator\.m2\repository\xml-resolver\xml-resolver\1.2\xml-resolver-1.2.jar;C:\Users\Administrator\.m2\repository\org\apache\geronimo\specs\geronimo-jaxws_2.1_spec\1.0\geronimo-jaxws_2.1_spec-1.0.jar;C:\Users\Administrator\.m2\repository\org\apache\geronimo\specs\geronimo-ws-metadata_2.0_spec\1.1.2\geronimo-ws-metadata_2.0_spec-1.1.2.jar;C:\Users\Administrator\.m2\repository\asm\asm\3.2\asm-3.2.jar;C:\Users\Administrator\.m2\repository\org\apache\cxf\cxf-api\2.2.3\cxf-api-2.2.3.jar;C:\Users\Administrator\.m2\repository\org\apache\cxf\cxf-common-utilities\2.2.3\cxf-common-utilities-2.2.3.jar;C:\Users\Administrator\.m2\repository\org\springframework\spring-core\3.0.1.RELEASE\spring-core-3.0.1.RELEASE.jar;C:\Users\Administrator\.m2\repository\org\springframework\spring-asm\3.0.1.RELEASE\spring-asm-3.0.1.RELEASE.jar;C:\Users\Administrator\.m2\repository\commons-logging\commons-logging\1.1.1\commons-logging-1.1.1.jar;C:\Users\Administrator\.m2\repository\org\springframework\spring-beans\3.0.1.RELEASE\spring-beans-3.0.1.RELEASE.jar;C:\Users\Administrator\.m2\repository\org\springframework\spring-context\3.0.1.RELEASE\spring-context-3.0.1.RELEASE.jar;C:\Users\Administrator\.m2\repository\org\springframework\spring-aop\3.0.1.RELEASE\spring-aop-3.0.1.RELEASE.jar;C:\Users\Administrator\.m2\repository\aopalliance\aopalliance\1.0\aopalliance-1.0.jar;C:\Users\Administrator\.m2\repository\org\springframework\spring-expression\3.0.1.RELEASE\spring-expression-3.0.1.RELEASE.jar;C:\Users\Administrator\.m2\repository\org\apache\geronimo\specs\geronimo-annotation_1.0_spec\1.1.1\geronimo-annotation_1.0_spec-1.1.1.jar;C:\Users\Administrator\.m2\repository\javax\xml\bind\jaxb-api\2.1\jaxb-api-2.1.jar;C:\Users\Administrator\.m2\repository\org\apache\geronimo\specs\geronimo-stax-api_1.0_spec\1.0\geronimo-stax-api_1.0_spec-1.0.jar;C:\Users\Administrator\.m2\repository\wsdl4j\wsdl4j\1.6.2\wsdl4j-1.6.2.jar;C:\Users\Administrator\.m2\repository\org\apache\ws\commons\schema\XmlSchema\1.4.5\XmlSchema-1.4.5.jar;C:\Users\Administrator\.m2\repository\commons-lang\commons-lang\2.5\commons-lang-2.5.jar;C:\Users\Administrator\.m2\repository\org\codehaus\woodstox\wstx-asl\3.2.8\wstx-asl-3.2.8.jar;C:\Users\Administrator\.m2\repository\org\apache\neethi\neethi\2.0.4\neethi-2.0.4.jar;C:\Users\Administrator\.m2\repository\org\apache\cxf\cxf-common-schemas\2.2.3\cxf-common-schemas-2.2.3.jar;C:\Users\Administrator\.m2\repository\org\apache\cxf\cxf-rt-core\2.2.3\cxf-rt-core-2.2.3.jar;C:\Users\Administrator\.m2\repository\com\sun\xml\bind\jaxb-impl\2.2\jaxb-impl-2.2.jar;C:\Users\Administrator\.m2\repository\com\sun\xml\fastinfoset\FastInfoset\1.2.7\FastInfoset-1.2.7.jar;C:\Users\Administrator\.m2\repository\org\apache\cxf\cxf-rt-bindings-soap\2.2.3\cxf-rt-bindings-soap-2.2.3.jar;C:\Users\Administrator\.m2\repository\org\apache\cxf\cxf-tools-common\2.2.3\cxf-tools-common-2.2.3.jar;C:\Users\Administrator\.m2\repository\javax\xml\soap\saaj-api\1.3\saaj-api-1.3.jar;C:\Users\Administrator\.m2\repository\org\apache\cxf\cxf-rt-databinding-jaxb\2.2.3\cxf-rt-databinding-jaxb-2.2.3.jar;C:\Users\Administrator\.m2\repository\org\apache\cxf\cxf-rt-bindings-xml\2.2.3\cxf-rt-bindings-xml-2.2.3.jar;C:\Users\Administrator\.m2\repository\org\apache\cxf\cxf-rt-frontend-simple\2.2.3\cxf-rt-frontend-simple-2.2.3.jar;C:\Users\Administrator\.m2\repository\org\apache\cxf\cxf-rt-ws-addr\2.2.3\cxf-rt-ws-addr-2.2.3.jar;C:\Users\Administrator\.m2\repository\com\sun\xml\messaging\saaj\saaj-impl\1.3.2\saaj-impl-1.3.2.jar;C:\Users\Administrator\.m2\repository\org\apache\cxf\cxf-rt-transports-http\2.2.3\cxf-rt-transports-http-2.2.3.jar;C:\Users\Administrator\.m2\repository\org\springframework\spring-web\3.0.1.RELEASE\spring-web-3.0.1.RELEASE.jar;C:\Users\Administrator\.m2\repository\cn\loosoft\loocommon\1.0\loocommon-1.0.jar;C:\Users\Administrator\.m2\repository\org\slf4j\slf4j-api\1.5.11\slf4j-api-1.5.11.jar;C:\Users\Administrator\.m2\repository\org\slf4j\slf4j-log4j12\1.5.11\slf4j-log4j12-1.5.11.jar;C:\Users\Administrator\.m2\repository\log4j\log4j\1.2.15\log4j-1.2.15.jar;C:\Users\Administrator\.m2\repository\commons-beanutils\commons-beanutils\1.8.2\commons-beanutils-1.8.2.jar;C:\Users\Administrator\.m2\repository\javax\servlet\servlet-api\2.5\servlet-api-2.5.jar;C:\Users\Administrator\.m2\repository\org\springframework\security\spring-security-core\3.0.2.RELEASE\spring-security-core-3.0.2.RELEASE.jar;C:\Users\Administrator\.m2\repository\org\springframework\spring-tx\3.0.1.RELEASE\spring-tx-3.0.1.RELEASE.jar;C:\Users\Administrator\.m2\repository\org\aspectj\aspectjrt\1.6.8\aspectjrt-1.6.8.jar;C:\Users\Administrator\.m2\repository\org\aspectj\aspectjweaver\1.6.8\aspectjweaver-1.6.8.jar;C:\Users\Administrator\.m2\repository\net\sf\json-lib\json-lib\2.2.3\json-lib-2.2.3-jdk15.jar;C:\Users\Administrator\.m2\repository\commons-collections\commons-collections\3.2.1\commons-collections-3.2.1.jar;C:\Users\Administrator\.m2\repository\net\sf\ezmorph\ezmorph\1.0.6\ezmorph-1.0.6.jar;C:\Users\Administrator\.m2\repository\commons-httpclient\commons-httpclient\3.0.1\commons-httpclient-3.0.1.jar;C:\Users\Administrator\.m2\repository\junit\junit\4.8.1\junit-4.8.1.jar;C:\Users\Administrator\.m2\repository\commons-codec\commons-codec\1.4\commons-codec-1.4.jar;C:\Users\Administrator\.m2\repository\cn\common\lib\common-utils\1.1\common-utils-1.1.jar;C:\Users\Administrator\.m2\repository\cn\loosoft\loospringside\1.0\loospringside-1.0.jar;C:\Users\Administrator\.m2\repository\org\springside\springside3-core\3.3.1\springside3-core-3.3.1.jar;C:\Users\Administrator\.m2\repository\org\hibernate\hibernate-core\3.3.2.GA\hibernate-core-3.3.2.GA.jar;C:\Users\Administrator\.m2\repository\antlr\antlr\2.7.6\antlr-2.7.6.jar;C:\Users\Administrator\.m2\repository\dom4j\dom4j\1.6.1\dom4j-1.6.1.jar;C:\Users\Administrator\.m2\repository\xml-apis\xml-apis\1.0.b2\xml-apis-1.0.b2.jar;C:\Users\Administrator\.m2\repository\javax\transaction\jta\1.1\jta-1.1.jar;C:\Users\Administrator\.m2\repository\cn\loosoft\stuwork\stucommon\1.0\stucommon-1.0.jar;C:\Users\Administrator\.m2\repository\javax\persistence\persistence-api\1.0\persistence-api-1.0.jar;C:\Users\Administrator\.m2\repository\cn\loosoft\stuwork\stuwork_webserviceapi\1.0\stuwork_webserviceapi-1.0.jar;C:\Users\Administrator\.m2\repository\org\apache\poi\poi\3.6\poi-3.6.jar;C:\Users\Administrator\.m2\repository\org\apache\poi\poi-ooxml\3.6\poi-ooxml-3.6.jar;C:\Users\Administrator\.m2\repository\org\apache\poi\poi-ooxml-schemas\3.6\poi-ooxml-schemas-3.6.jar;C:\Users\Administrator\.m2\repository\org\apache\xmlbeans\xmlbeans\2.4.0\xmlbeans-2.4.0.jar;C:\Users\Administrator\.m2\repository\stax\stax-api\1.0.1\stax-api-1.0.1.jar;C:\Users\Administrator\.m2\repository\org\apache\poi\poi-contrib\3.6\poi-contrib-3.6.jar;C:\Users\Administrator\.m2\repository\org\apache\poi\poi-scratchpad\3.6\poi-scratchpad-3.6.jar;C:\Users\Administrator\.m2\repository\org\apache\struts\struts2-junit-plugin\2.1.8.1\struts2-junit-plugin-2.1.8.1.jar;C:\Users\Administrator\.m2\repository\org\springframework\spring-test\3.0.1.RELEASE\spring-test-3.0.1.RELEASE.jar;C:\Users\Administrator\.m2\repository\org\apache\struts\struts2-core\2.1.8.1\struts2-core-2.1.8.1.jar;C:\Users\Administrator\.m2\repository\com\opensymphony\xwork-core\2.1.6\xwork-core-2.1.6.jar;C:\Users\Administrator\.m2\repository\ognl\ognl\2.7.3\ognl-2.7.3.jar;C:\Users\Administrator\.m2\repository\org\freemarker\freemarker\2.3.16\freemarker-2.3.16.jar;C:\Users\Administrator\.m2\repository\commons-fileupload\commons-fileupload\1.2.1\commons-fileupload-1.2.1.jar;C:\Users\Administrator\.m2\repository\commons-io\commons-io\1.4\commons-io-1.4.jar;C:\Users\Administrator\.m2\repository\net\fckeditor\java-core\2.5\java-core-2.5.jar;C:\Users\Administrator\.m2\repository\org\devlib\schmidt\imageinfo\1.9\imageinfo-1.9.jar;C:\Users\Administrator\.m2\repository\cn\common\lib\springside\springside-orm\1.3\springside-orm-1.3.jar;C:\Users\Administrator\.m2\repository\org\hibernate\hibernate-annotations\3.4.0.GA\hibernate-annotations-3.4.0.GA.jar;C:\Users\Administrator\.m2\repository\org\hibernate\ejb3-persistence\1.0.2.GA\ejb3-persistence-1.0.2.GA.jar;C:\Users\Administrator\.m2\repository\org\hibernate\hibernate-commons-annotations\3.1.0.GA\hibernate-commons-annotations-3.1.0.GA.jar;C:\Users\Administrator\.m2\repository\cn\common\lib\springside\springside-web\1.3\springside-web-1.3.jar;C:\Users\Administrator\.m2\repository\javax\mail\mail\1.4.3\mail-1.4.3.jar;C:\Users\Administrator\.m2\repository\javax\activation\activation\1.1.1\activation-1.1.1.jar;C:\Users\Administrator\.m2\repository\cglib\cglib-nodep\2.2\cglib-nodep-2.2.jar;C:\Users\Administrator\.m2\repository\org\hibernate\hibernate-ehcache\3.3.2.GA\hibernate-ehcache-3.3.2.GA.jar;C:\Users\Administrator\.m2\repository\net\sf\ehcache\ehcache\1.6.2\ehcache-1.6.2.jar;C:\Users\Administrator\.m2\repository\javassist\javassist\3.11.0.GA\javassist-3.11.0.GA.jar;C:\Users\Administrator\.m2\repository\org\springframework\spring-orm\3.0.1.RELEASE\spring-orm-3.0.1.RELEASE.jar;C:\Users\Administrator\.m2\repository\org\springframework\spring-jdbc\3.0.1.RELEASE\spring-jdbc-3.0.1.RELEASE.jar;C:\Users\Administrator\.m2\repository\commons-dbcp\commons-dbcp\1.3\commons-dbcp-1.3.jar;C:\Users\Administrator\.m2\repository\commons-pool\commons-pool\1.5.4\commons-pool-1.5.4.jar;C:\Users\Administrator\.m2\repository\mysql\mysql-connector-java\5.1.11\mysql-connector-java-5.1.11.jar;C:\Users\Administrator\.m2\repository\org\apache\struts\struts2-convention-plugin\2.1.8.1\struts2-convention-plugin-2.1.8.1.jar;C:\Users\Administrator\.m2\repository\org\apache\struts\struts2-spring-plugin\2.1.8.1\struts2-spring-plugin-2.1.8.1.jar;C:\Users\Administrator\.m2\repository\org\springframework\spring-webmvc\3.0.1.RELEASE\spring-webmvc-3.0.1.RELEASE.jar;C:\Users\Administrator\.m2\repository\javax\servlet\jstl\1.1.2\jstl-1.1.2.jar;C:\Users\Administrator\.m2\repository\taglibs\standard\1.1.2\standard-1.1.2.jar;C:\Users\Administrator\.m2\repository\javax\servlet\jsp\jsp-api\2.0\jsp-api-2.0.jar;C:\Users\Administrator\.m2\repository\org\codehaus\jackson\jackson-mapper-asl\1.5.1\jackson-mapper-asl-1.5.1.jar;C:\Users\Administrator\.m2\repository\org\codehaus\jackson\jackson-core-asl\1.5.1\jackson-core-asl-1.5.1.jar;C:\Users\Administrator\.m2\repository\org\springframework\security\spring-security-cas-client\3.0.5.RELEASE\spring-security-cas-client-3.0.5.RELEASE.jar;C:\Users\Administrator\.m2\repository\org\springframework\security\spring-security-web\3.0.2.RELEASE\spring-security-web-3.0.2.RELEASE.jar;C:\Users\Administrator\.m2\repository\org\jasig\cas\client\cas-client-core\3.1.12\cas-client-core-3.1.12.jar;C:\Users\Administrator\.m2\repository\org\springframework\security\spring-security-config\3.0.2.RELEASE\spring-security-config-3.0.2.RELEASE.jar;C:\Users\Administrator\.m2\repository\org\springframework\security\spring-security-taglibs\3.0.2.RELEASE\spring-security-taglibs-3.0.2.RELEASE.jar;C:\Users\Administrator\.m2\repository\org\springframework\security\spring-security-acl\3.0.2.RELEASE\spring-security-acl-3.0.2.RELEASE.jar;C:\Users\Administrator\.m2\repository\org\springframework\spring-context-support\3.0.1.RELEASE\spring-context-support-3.0.1.RELEASE.jar;C:\Users\Administrator\.m2\repository\com\google\collections\google-collections\1.0\google-collections-1.0.jar;C:\Users\Administrator\.m2\repository\org\easymock\easymockclassextension\2.5.2\easymockclassextension-2.5.2.jar;C:\Users\Administrator\.m2\repository\org\easymock\easymock\2.5.2\easymock-2.5.2.jar;C:\Users\Administrator\.m2\repository\org\objenesis\objenesis\1.2\objenesis-1.2.jar;C:\Users\Administrator\.m2\repository\org\seleniumhq\selenium\selenium-htmlunit-driver\2.0a2\selenium-htmlunit-driver-2.0a2.jar;C:\Users\Administrator\.m2\repository\org\seleniumhq\selenium\selenium-common\2.0a2\selenium-common-2.0a2.jar;C:\Users\Administrator\.m2\repository\net\sourceforge\htmlunit\htmlunit\2.6\htmlunit-2.6.jar;C:\Users\Administrator\.m2\repository\xalan\xalan\2.7.1\xalan-2.7.1.jar;C:\Users\Administrator\.m2\repository\xalan\serializer\2.7.1\serializer-2.7.1.jar;C:\Users\Administrator\.m2\repository\net\sourceforge\htmlunit\htmlunit-core-js\2.6\htmlunit-core-js-2.6.jar;C:\Users\Administrator\.m2\repository\xerces\xercesImpl\2.9.1\xercesImpl-2.9.1.jar;C:\Users\Administrator\.m2\repository\net\sourceforge\nekohtml\nekohtml\1.9.13\nekohtml-1.9.13.jar;C:\Users\Administrator\.m2\repository\net\sourceforge\cssparser\cssparser\0.9.5\cssparser-0.9.5.jar;C:\Users\Administrator\.m2\repository\org\w3c\css\sac\1.3\sac-1.3.jar;C:\Users\Administrator\.m2\repository\org\seleniumhq\selenium\selenium-firefox-driver\2.0a2\selenium-firefox-driver-2.0a2.jar;C:\Users\Administrator\.m2\repository\org\json\json\20080701\json-20080701.jar;C:\Users\Administrator\.m2\repository\org\seleniumhq\selenium\selenium-ie-driver\2.0a2\selenium-ie-driver-2.0a2.jar;C:\Users\Administrator\.m2\repository\net\java\dev\jna\jna\3.2.2\jna-3.2.2.jar;C:\Users\Administrator\.m2\repository\org\seleniumhq\selenium\selenium-remote-client\2.0a2\selenium-remote-client-2.0a2.jar;C:\Users\Administrator\.m2\repository\org\seleniumhq\selenium\selenium-remote-common\2.0a2\selenium-remote-common-2.0a2.jar;C:\Users\Administrator\.m2\repository\com\h2database\h2\1.2.133\h2-1.2.133.jar;C:\Users\Administrator\.m2\repository\org\dbunit\dbunit\2.4.7\dbunit-2.4.7.jar;C:\Users\Administrator\.m2\repository\org\mortbay\jetty\jetty\6.1.23\jetty-6.1.23.jar;C:\Users\Administrator\.m2\repository\org\mortbay\jetty\jetty-util\6.1.23\jetty-util-6.1.23.jar;C:\Users\Administrator\.m2\repository\org\mortbay\jetty\servlet-api\2.5-20081211\servlet-api-2.5-20081211.jar;C:\Users\Administrator\.m2\repository\tomcat\jasper-compiler-jdt\5.5.15\jasper-compiler-jdt-5.5.15.jar;C:\Users\Administrator\.m2\repository\org\eclipse\jdt\core\3.1.1\core-3.1.1.jar;C:\Users\Administrator\.m2\repository\xerces\xmlParserAPIs\2.6.2\xmlParserAPIs-2.6.2.jar;C:\Users\Administrator\.m2\repository\commons-el\commons-el\1.0\commons-el-1.0.jar;C:\Users\Administrator\.m2\repository\tomcat\jasper-compiler\5.5.15\jasper-compiler-5.5.15.jar;C:\Users\Administrator\.m2\repository\org\apache\ant\ant\1.7.0\ant-1.7.0.jar;C:\Users\Administrator\.m2\repository\org\apache\ant\ant-launcher\1.7.0\ant-launcher-1.7.0.jar;C:\Users\Administrator\.m2\repository\org\mortbay\jetty\jsp-api-2.0\6.1.23\jsp-api-2.0-6.1.23.jar;C:\Users\Administrator\.m2\repository\tomcat\jasper-runtime\5.5.15\jasper-runtime-5.5.15.jar;C:\Users\Administrator\.m2\repository\org\hibernate\hibernate-tools\3.2.3.GA\hibernate-tools-3.2.3.GA.jar;C:\Users\Administrator\.m2\repository\org\beanshell\bsh\2.0b4\bsh-2.0b4.jar;C:\Users\Administrator\.m2\repository\org\hibernate\jtidy\r8-20060801\jtidy-r8-20060801.jar;C:\Users\Administrator\.m2\repository\org\apache\struts\struts2-json-plugin\2.1.8.1\struts2-json-plugin-2.1.8.1.jar;C:\Users\Administrator\.m2\repository\cn\common\lib\common-constant\1.2\common-constant-1.2.jar;C:\Users\Administrator\.m2\repository\cn\common\lib\common-web\1.4\common-web-1.4.jar;C:\Users\Administrator\.m2\repository\displaytag\displaytag\1.1\displaytag-1.1.jar;C:\Users\Administrator\.m2\repository\com\lowagie\itext\1.3\itext-1.3.jar;"/>
    <property name="java.specification.name" value="Java Platform API Specification"/>
    <property name="java.class.version" value="50.0"/>
    <property name="sun.management.compiler" value="HotSpot Client Compiler"/>
    <property name="os.version" value="6.1"/>
    <property name="user.home" value="C:\Users\Administrator"/>
    <property name="user.timezone" value="Asia/Shanghai"/>
    <property name="java.awt.printerjob" value="sun.awt.windows.WPrinterJob"/>
    <property name="file.encoding" value="GBK"/>
    <property name="java.specification.version" value="1.6"/>
    <property name="user.name" value="qianhb"/>
    <property name="java.class.path" value="C:\Users\Administrator\.m2\repository\org\apache\maven\surefire\surefire-booter\2.5\surefire-booter-2.5.jar;C:\Users\Administrator\.m2\repository\org\apache\maven\surefire\surefire-api\2.5\surefire-api-2.5.jar"/>
    <property name="java.vm.specification.version" value="1.0"/>
    <property name="sun.arch.data.model" value="32"/>
    <property name="java.home" value="C:\Java\jdk1.6.0_21\jre"/>
    <property name="java.specification.vendor" value="Sun Microsystems Inc."/>
    <property name="user.language" value="zh"/>
    <property name="awt.toolkit" value="sun.awt.windows.WToolkit"/>
    <property name="java.vm.info" value="mixed mode, sharing"/>
    <property name="java.version" value="1.6.0_21"/>
    <property name="java.ext.dirs" value="C:\Java\jdk1.6.0_21\jre\lib\ext;C:\windows\Sun\Java\lib\ext"/>
    <property name="sun.boot.class.path" value="C:\Java\jdk1.6.0_21\jre\lib\resources.jar;C:\Java\jdk1.6.0_21\jre\lib\rt.jar;C:\Java\jdk1.6.0_21\jre\lib\sunrsasign.jar;C:\Java\jdk1.6.0_21\jre\lib\jsse.jar;C:\Java\jdk1.6.0_21\jre\lib\jce.jar;C:\Java\jdk1.6.0_21\jre\lib\charsets.jar;C:\Java\jdk1.6.0_21\jre\classes"/>
    <property name="java.vendor" value="Sun Microsystems Inc."/>
    <property name="localRepository" value="C:\Users\Administrator\.m2\repository"/>
    <property name="file.separator" value="\"/>
    <property name="java.vendor.url.bug" value="http://java.sun.com/cgi-bin/bugreport.cgi"/>
    <property name="sun.cpu.endian" value="little"/>
    <property name="sun.io.unicode.encoding" value="UnicodeLittle"/>
    <property name="sun.desktop" value="windows"/>
    <property name="sun.cpu.isalist" value="pentium_pro+mmx pentium_pro pentium+mmx pentium i486 i386 i86"/>
  </properties>
  <testcase time="3.545" classname="cn.loosoft.stuwork.workstudy.unit.dao.HibernateMappingTest" name="allClassMapping">
    <error message="could not execute query using iterate" type="org.hibernate.exception.SQLGrammarException">org.hibernate.exception.SQLGrammarException: could not execute query using iterate
	at org.hibernate.exception.SQLStateConverter.convert(SQLStateConverter.java:90)
	at org.hibernate.exception.JDBCExceptionHelper.convert(JDBCExceptionHelper.java:66)
	at org.hibernate.loader.hql.QueryLoader.iterate(QueryLoader.java:450)
	at org.hibernate.hql.ast.QueryTranslatorImpl.iterate(QueryTranslatorImpl.java:405)
	at org.hibernate.engine.query.HQLQueryPlan.performIterate(HQLQueryPlan.java:248)
	at org.hibernate.impl.SessionImpl.iterate(SessionImpl.java:1220)
	at org.hibernate.impl.QueryImpl.iterate(QueryImpl.java:69)
	at cn.loosoft.stuwork.workstudy.unit.dao.HibernateMappingTest.allClassMapping(HibernateMappingTest.java:39)
	at sun.reflect.NativeMethodAccessorImpl.invoke0(Native Method)
	at sun.reflect.NativeMethodAccessorImpl.invoke(NativeMethodAccessorImpl.java:39)
	at sun.reflect.DelegatingMethodAccessorImpl.invoke(DelegatingMethodAccessorImpl.java:25)
	at java.lang.reflect.Method.invoke(Method.java:597)
	at org.junit.runners.model.FrameworkMethod$1.runReflectiveCall(FrameworkMethod.java:44)
	at org.junit.internal.runners.model.ReflectiveCallable.run(ReflectiveCallable.java:15)
	at org.junit.runners.model.FrameworkMethod.invokeExplosively(FrameworkMethod.java:41)
	at org.junit.internal.runners.statements.InvokeMethod.evaluate(InvokeMethod.java:20)
	at org.springframework.test.context.junit4.statements.RunBeforeTestMethodCallbacks.evaluate(RunBeforeTestMethodCallbacks.java:74)
	at org.springframework.test.context.junit4.statements.RunAfterTestMethodCallbacks.evaluate(RunAfterTestMethodCallbacks.java:82)
	at org.springframework.test.context.junit4.statements.SpringRepeat.evaluate(SpringRepeat.java:72)
	at org.springframework.test.context.junit4.SpringJUnit4ClassRunner.runChild(SpringJUnit4ClassRunner.java:240)
	at org.junit.runners.BlockJUnit4ClassRunner.runChild(BlockJUnit4ClassRunner.java:50)
	at org.junit.runners.ParentRunner$3.run(ParentRunner.java:193)
	at org.junit.runners.ParentRunner$1.schedule(ParentRunner.java:52)
	at org.junit.runners.ParentRunner.runChildren(ParentRunner.java:191)
	at org.junit.runners.ParentRunner.access$000(ParentRunner.java:42)
	at org.junit.runners.ParentRunner$2.evaluate(ParentRunner.java:184)
	at org.springframework.test.context.junit4.statements.RunBeforeTestClassCallbacks.evaluate(RunBeforeTestClassCallbacks.java:61)
	at org.springframework.test.context.junit4.statements.RunAfterTestClassCallbacks.evaluate(RunAfterTestClassCallbacks.java:70)
	at org.junit.runners.ParentRunner.run(ParentRunner.java:236)
	at org.springframework.test.context.junit4.SpringJUnit4ClassRunner.run(SpringJUnit4ClassRunner.java:180)
	at org.apache.maven.surefire.junit4.JUnit4TestSet.execute(JUnit4TestSet.java:59)
	at org.apache.maven.surefire.suite.AbstractDirectoryTestSuite.executeTestSet(AbstractDirectoryTestSuite.java:115)
	at org.apache.maven.surefire.suite.AbstractDirectoryTestSuite.execute(AbstractDirectoryTestSuite.java:102)
	at org.apache.maven.surefire.Surefire.run(Surefire.java:180)
	at sun.reflect.NativeMethodAccessorImpl.invoke0(Native Method)
	at sun.reflect.NativeMethodAccessorImpl.invoke(NativeMethodAccessorImpl.java:39)
	at sun.reflect.DelegatingMethodAccessorImpl.invoke(DelegatingMethodAccessorImpl.java:25)
	at java.lang.reflect.Method.invoke(Method.java:597)
	at org.apache.maven.surefire.booter.SurefireBooter.runSuitesInProcess(SurefireBooter.java:350)
	at org.apache.maven.surefire.booter.SurefireBooter.main(SurefireBooter.java:1021)
Caused by: org.h2.jdbc.JdbcSQLException: Table &quot;STUJOB_SALARY&quot; not found; SQL statement:
select salary0_.id as col_0_0_ from stujob_salary salary0_ [42102-133]
	at org.h2.message.DbException.getJdbcSQLException(DbException.java:316)
	at org.h2.message.DbException.get(DbException.java:167)
	at org.h2.message.DbException.get(DbException.java:144)
	at org.h2.command.Parser.readTableOrView(Parser.java:4346)
	at org.h2.command.Parser.readTableFilter(Parser.java:1000)
	at org.h2.command.Parser.parseSelectSimpleFromPart(Parser.java:1528)
	at org.h2.command.Parser.parseSelectSimple(Parser.java:1625)
	at org.h2.command.Parser.parseSelectSub(Parser.java:1522)
	at org.h2.command.Parser.parseSelectUnion(Parser.java:1367)
	at org.h2.command.Parser.parseSelect(Parser.java:1355)
	at org.h2.command.Parser.parsePrepared(Parser.java:395)
	at org.h2.command.Parser.parse(Parser.java:278)
	at org.h2.command.Parser.parse(Parser.java:250)
	at org.h2.command.Parser.prepareCommand(Parser.java:222)
	at org.h2.engine.Session.prepareLocal(Session.java:420)
	at org.h2.engine.Session.prepareCommand(Session.java:381)
	at org.h2.jdbc.JdbcConnection.prepareCommand(JdbcConnection.java:1071)
	at org.h2.jdbc.JdbcPreparedStatement.&lt;init&gt;(JdbcPreparedStatement.java:71)
	at org.h2.jdbc.JdbcConnection.prepareStatement(JdbcConnection.java:234)
	at org.hibernate.jdbc.AbstractBatcher.getPreparedStatement(AbstractBatcher.java:534)
	at org.hibernate.jdbc.AbstractBatcher.getPreparedStatement(AbstractBatcher.java:452)
	at org.hibernate.jdbc.AbstractBatcher.prepareQueryStatement(AbstractBatcher.java:161)
	at org.hibernate.loader.Loader.prepareQueryStatement(Loader.java:1577)
	at org.hibernate.loader.hql.QueryLoader.iterate(QueryLoader.java:422)
	... 37 more
</error>
    <system-out>Hibernate: 
    select
        salary0_.id as col_0_0_ 
    from
        stujob_salary salary0_
</system-out>
  </testcase>
</testsuite>